nohup: 忽略输入
2022-11-22 21:41:16 epoch 1
train_bitwise_error 0.31557037037037045
train_SUM_PSNR 20.49394728501638
val_bitwise_error 0.3132148148148147
val_SUM_PSNR 21.266954447428386
2022-11-22 22:16:53 epoch 2
train_bitwise_error 0.20876172839506155
train_SUM_PSNR 22.424485179053413
val_bitwise_error 0.23377037037037038
val_SUM_PSNR 23.51881374359131
2022-11-22 22:51:02 epoch 3
train_bitwise_error 0.13996296296296304
train_SUM_PSNR 23.904248972998726
val_bitwise_error 0.17102222222222233
val_SUM_PSNR 24.577947196960448
2022-11-22 23:25:08 epoch 4
train_bitwise_error 0.1041592592592593
train_SUM_PSNR 24.98486236996121
val_bitwise_error 0.16109629629629615
val_SUM_PSNR 24.755062878926594
2022-11-22 23:59:35 epoch 5
train_bitwise_error 0.08031481481481473
train_SUM_PSNR 25.719420443640814
val_bitwise_error 0.09755555555555555
val_SUM_PSNR 26.1217667388916
2022-11-23 00:34:00 epoch 6
train_bitwise_error 0.06640370370370374
train_SUM_PSNR 26.508413751390247
val_bitwise_error 0.08088148148148151
val_SUM_PSNR 26.63230478922526
2022-11-23 01:08:24 epoch 7
train_bitwise_error 0.05030246913580252
train_SUM_PSNR 26.69346428129408
val_bitwise_error 0.11148148148148157
val_SUM_PSNR 26.98043566385905
2022-11-23 01:42:49 epoch 8
train_bitwise_error 0.040870370370370314
train_SUM_PSNR 27.098726656172012
val_bitwise_error 0.06539259259259259
val_SUM_PSNR 27.748453903198243
2022-11-23 02:17:28 epoch 9
train_bitwise_error 0.038011111111111086
train_SUM_PSNR 27.54052671432495
val_bitwise_error 0.08467407407407404
val_SUM_PSNR 28.040778935750325
2022-11-23 02:51:55 epoch 10
train_bitwise_error 0.02979629629629638
train_SUM_PSNR 27.908395612504748
val_bitwise_error 0.07225185185185183
val_SUM_PSNR 28.83016170501709
2022-11-23 03:26:03 epoch 11
train_bitwise_error 0.020324691358024647
train_SUM_PSNR 28.23819810443454
val_bitwise_error 0.03198518518518522
val_SUM_PSNR 28.979969685872394
2022-11-23 04:00:26 epoch 12
train_bitwise_error 0.017524691358024713
train_SUM_PSNR 28.720974258846706
val_bitwise_error 0.0244888888888889
val_SUM_PSNR 29.597194582621256
2022-11-23 04:34:54 epoch 13
train_bitwise_error 0.016861728395061736
train_SUM_PSNR 29.29147080739339
val_bitwise_error 0.023614814814814814
val_SUM_PSNR 30.201437606811524
2022-11-23 05:09:21 epoch 14
train_bitwise_error 0.015458024691358036
train_SUM_PSNR 29.48306219736735
val_bitwise_error 0.03116296296296297
val_SUM_PSNR 30.33442389170329
2022-11-23 05:43:52 epoch 15
train_bitwise_error 0.010438271604938236
train_SUM_PSNR 29.411512983110217
val_bitwise_error 0.020644444444444444
val_SUM_PSNR 31.04166685740153
2022-11-23 06:18:28 epoch 16
train_bitwise_error 0.009613580246913557
train_SUM_PSNR 29.750526796976725
val_bitwise_error 0.014977777777777772
val_SUM_PSNR 30.601011683146158
2022-11-23 06:53:09 epoch 17
train_bitwise_error 0.006806172839506158
train_SUM_PSNR 29.942667071024577
val_bitwise_error 0.0085037037037037
val_SUM_PSNR 31.109725926717122
2022-11-23 07:27:55 epoch 18
train_bitwise_error 0.002967901234567898
train_SUM_PSNR 29.784076285892063
val_bitwise_error 0.02755555555555556
val_SUM_PSNR 30.666341400146486
2022-11-23 08:02:31 epoch 19
train_bitwise_error 0.0026333333333333295
train_SUM_PSNR 30.188827131059433
val_bitwise_error 0.018488888888888888
val_SUM_PSNR 31.582363370259603
2022-11-23 08:37:10 epoch 20
train_bitwise_error 0.002507407407407398
train_SUM_PSNR 30.485456562042238
val_bitwise_error 0.006259259259259255
val_SUM_PSNR 31.751725667317707
2022-11-23 09:11:32 epoch 21
train_bitwise_error 0.002319753086419743
train_SUM_PSNR 30.662028278774685
val_bitwise_error 0.0033481481481481483
val_SUM_PSNR 32.14925903320312
2022-11-23 09:46:13 epoch 22
train_bitwise_error 0.0012049382716049317
train_SUM_PSNR 30.482570985158283
val_bitwise_error 0.0003111111111111111
val_SUM_PSNR 31.91679931640625
2022-11-23 10:20:53 epoch 23
train_bitwise_error 0.00014320987654320978
train_SUM_PSNR 30.662177119784886
val_bitwise_error 0.00012592592592592592
val_SUM_PSNR 32.211532541910806
2022-11-23 10:56:18 epoch 24
train_bitwise_error 0.00011481481481481476
train_SUM_PSNR 30.835851063198515
val_bitwise_error 0.002029629629629629
val_SUM_PSNR 32.80109184265137
2022-11-23 11:32:17 epoch 25
train_bitwise_error 0.0001234567901234567
train_SUM_PSNR 31.079670586056178
val_bitwise_error 0.0007333333333333324
val_SUM_PSNR 32.51792565663656
2022-11-23 12:08:04 epoch 26
train_bitwise_error 9.999999999999996e-05
train_SUM_PSNR 31.297614527808296
val_bitwise_error 8.148148148148148e-05
val_SUM_PSNR 33.13882657368978
2022-11-23 12:45:00 epoch 27
train_bitwise_error 0.00010370370370370365
train_SUM_PSNR 31.364104713863796
val_bitwise_error 0.004088888888888886
val_SUM_PSNR 33.12692133585612
2022-11-23 13:21:02 epoch 28
train_bitwise_error 0.00010740740740740738
train_SUM_PSNR 31.443559574551053
val_bitwise_error 0.00013333333333333334
val_SUM_PSNR 32.731394386291505
2022-11-23 13:56:29 epoch 29
train_bitwise_error 7.90123456790123e-05
train_SUM_PSNR 31.708239131503635
val_bitwise_error 7.407407407407407e-05
val_SUM_PSNR 33.257720362345374
2022-11-23 14:32:36 epoch 30
train_bitwise_error 0.00016296296296296284
train_SUM_PSNR 31.75357592476739
val_bitwise_error 0.0002222222222222222
val_SUM_PSNR 33.696888326009116
2022-11-23 15:07:50 epoch 31
train_bitwise_error 8.641975308641972e-05
train_SUM_PSNR 31.995768078698053
val_bitwise_error 4.444444444444444e-05
val_SUM_PSNR 33.711773630778
2022-11-23 15:42:09 epoch 32
train_bitwise_error 6.54320987654321e-05
train_SUM_PSNR 32.261394369337296
val_bitwise_error 0.0014962962962962957
val_SUM_PSNR 34.377183507283526
2022-11-23 16:16:35 epoch 33
train_bitwise_error 7.777777777777775e-05
train_SUM_PSNR 32.410631597306995
val_bitwise_error 4.4444444444444447e-05
val_SUM_PSNR 34.683192342122396
2022-11-23 16:50:56 epoch 34
train_bitwise_error 0.0001728395061728394
train_SUM_PSNR 32.263802738189696
val_bitwise_error 2.222222222222222e-05
val_SUM_PSNR 35.191132380167645
2022-11-23 17:27:08 epoch 35
train_bitwise_error 8.148148148148146e-05
train_SUM_PSNR 32.6537944539388
val_bitwise_error 0.0004814814814814812
val_SUM_PSNR 34.93040949503581
2022-11-23 18:04:36 epoch 36
train_bitwise_error 8.888888888888887e-05
train_SUM_PSNR 32.676665999094645
val_bitwise_error 0.00025925925925925926
val_SUM_PSNR 34.71152013142903
2022-11-23 18:42:21 epoch 37
train_bitwise_error 9.876543209876539e-05
train_SUM_PSNR 32.931844317118326
val_bitwise_error 0.0
val_SUM_PSNR 35.09454554239909
2022-11-23 19:20:05 epoch 38
train_bitwise_error 7.407407407407406e-05
train_SUM_PSNR 32.95820344501072
val_bitwise_error 1.4814814814814815e-05
val_SUM_PSNR 34.68595031738281
2022-11-23 19:57:18 epoch 39
train_bitwise_error 8.148148148148146e-05
train_SUM_PSNR 33.203504965040416
val_bitwise_error 5.1851851851851857e-05
val_SUM_PSNR 35.46785051981608
2022-11-23 20:35:01 epoch 40
train_bitwise_error 9.382716049382717e-05
train_SUM_PSNR 33.25988981670803
val_bitwise_error 2.222222222222222e-05
val_SUM_PSNR 34.44571909586588
2022-11-23 21:12:43 epoch 41
train_bitwise_error 7.777777777777778e-05
train_SUM_PSNR 33.38061257892185
val_bitwise_error 7.4074074074074075e-06
val_SUM_PSNR 35.649665908813475
2022-11-23 21:49:50 epoch 42
train_bitwise_error 9.382716049382715e-05
train_SUM_PSNR 33.47591175503201
val_bitwise_error 7.4074074074074075e-06
val_SUM_PSNR 35.550257263183596
2022-11-23 22:27:56 epoch 43
train_bitwise_error 7.283950617283948e-05
train_SUM_PSNR 33.7554214477539
val_bitwise_error 0.0
val_SUM_PSNR 35.244019978841145
2022-11-23 23:05:45 epoch 44
train_bitwise_error 8.51851851851852e-05
train_SUM_PSNR 33.5440444056193
val_bitwise_error 3.7037037037037037e-05
val_SUM_PSNR 35.5370130666097
2022-11-23 23:43:23 epoch 45
train_bitwise_error 7.65432098765432e-05
train_SUM_PSNR 33.68496299107869
val_bitwise_error 0.0001111111111111111
val_SUM_PSNR 36.5888373819987
2022-11-24 00:20:56 epoch 46
train_bitwise_error 7.777777777777777e-05
train_SUM_PSNR 34.0552511299981
val_bitwise_error 1.4814814814814815e-05
val_SUM_PSNR 36.8936324818929
2022-11-24 00:58:40 epoch 47
train_bitwise_error 6.913580246913581e-05
train_SUM_PSNR 33.92920324537489
val_bitwise_error 7.4074074074074075e-06
val_SUM_PSNR 36.31062115987142
2022-11-24 01:36:31 epoch 48
train_bitwise_error 8.395061728395059e-05
train_SUM_PSNR 34.13508019129435
val_bitwise_error 0.0002
val_SUM_PSNR 36.03449124654134
2022-11-24 02:14:29 epoch 49
train_bitwise_error 7.407407407407405e-05
train_SUM_PSNR 34.06520795610216
val_bitwise_error 3.7037037037037037e-05
val_SUM_PSNR 35.73026865641276
2022-11-24 02:52:00 epoch 50
train_bitwise_error 8.148148148148148e-05
train_SUM_PSNR 34.26939982308282
val_bitwise_error 2.222222222222222e-05
val_SUM_PSNR 36.37986935933431
2022-11-24 03:29:26 epoch 51
train_bitwise_error 5.8024691358024695e-05
train_SUM_PSNR 34.396687013838026
val_bitwise_error 1.4814814814814815e-05
val_SUM_PSNR 35.87972908020019
2022-11-24 04:06:30 epoch 52
train_bitwise_error 9.876543209876543e-05
train_SUM_PSNR 34.368634395599365
val_bitwise_error 5.925925925925926e-05
val_SUM_PSNR 34.658227081298826
2022-11-24 04:43:17 epoch 53
train_bitwise_error 8.148148148148148e-05
train_SUM_PSNR 34.46411891513401
val_bitwise_error 5.1851851851851857e-05
val_SUM_PSNR 36.52063852945964
2022-11-24 05:19:59 epoch 54
train_bitwise_error 8.395061728395062e-05
train_SUM_PSNR 34.665854165818956
val_bitwise_error 1.4814814814814815e-05
val_SUM_PSNR 37.135984115600586
2022-11-24 05:59:07 epoch 55
train_bitwise_error 8.888888888888888e-05
train_SUM_PSNR 34.67974376678467
val_bitwise_error 1.4814814814814815e-05
val_SUM_PSNR 37.12699109395345
2022-11-24 06:37:45 epoch 56
train_bitwise_error 0.00010617283950617284
train_SUM_PSNR 34.68324059380426
val_bitwise_error 0.0005259259259259256
val_SUM_PSNR 36.7054909769694
2022-11-24 07:15:17 epoch 57
train_bitwise_error 7.65432098765432e-05
train_SUM_PSNR 34.83438126034207
val_bitwise_error 0.0003111111111111111
val_SUM_PSNR 37.138156509399415
2022-11-24 07:52:59 epoch 58
train_bitwise_error 6.049382716049383e-05
train_SUM_PSNR 34.96643305248684
val_bitwise_error 1.4814814814814815e-05
val_SUM_PSNR 37.45035001118978
2022-11-24 08:31:00 epoch 59
train_bitwise_error 6.419753086419753e-05
train_SUM_PSNR 34.81869278589885
val_bitwise_error 2.2222222222222223e-05
val_SUM_PSNR 37.246880518595376
2022-11-24 09:08:49 epoch 60
train_bitwise_error 9.876543209876544e-05
train_SUM_PSNR 35.18931710984972
val_bitwise_error 5.925925925925926e-05
val_SUM_PSNR 36.78770690917969
2022-11-24 09:45:36 epoch 61
train_bitwise_error 6.91358024691358e-05
train_SUM_PSNR 34.92741685443454
val_bitwise_error 5.185185185185185e-05
val_SUM_PSNR 37.63356534322103
2022-11-24 10:23:17 epoch 62
train_bitwise_error 7.530864197530865e-05
train_SUM_PSNR 35.31989122814603
val_bitwise_error 4.444444444444444e-05
val_SUM_PSNR 37.37271425882975
2022-11-24 11:00:51 epoch 63
train_bitwise_error 7.160493827160494e-05
train_SUM_PSNR 35.18701063156128
val_bitwise_error 7.4074074074074075e-06
val_SUM_PSNR 37.18071533203125
2022-11-24 11:38:34 epoch 64
train_bitwise_error 7.407407407407406e-05
train_SUM_PSNR 35.02258428785536
val_bitwise_error 1.4814814814814815e-05
val_SUM_PSNR 37.07538912455241
2022-11-24 12:16:18 epoch 65
train_bitwise_error 8.39506172839506e-05
train_SUM_PSNR 35.340561116536456
val_bitwise_error 2.222222222222222e-05
val_SUM_PSNR 37.517837880452475
2022-11-24 12:53:38 epoch 66
train_bitwise_error 7.037037037037038e-05
train_SUM_PSNR 35.160753888024225
val_bitwise_error 0.0
val_SUM_PSNR 37.12148320515951
2022-11-24 13:31:13 epoch 67
train_bitwise_error 6.91358024691358e-05
train_SUM_PSNR 35.42510613335504
val_bitwise_error 1.4814814814814815e-05
val_SUM_PSNR 36.69102040608724
2022-11-24 14:08:38 epoch 68
train_bitwise_error 5.308641975308642e-05
train_SUM_PSNR 35.351267691718206
val_bitwise_error 1.4814814814814815e-05
val_SUM_PSNR 36.15600766499837
2022-11-24 14:46:41 epoch 69
train_bitwise_error 8.641975308641974e-05
train_SUM_PSNR 35.407282752990724
val_bitwise_error 6.666666666666667e-05
val_SUM_PSNR 37.37495498657226
2022-11-24 15:24:22 epoch 70
train_bitwise_error 7.65432098765432e-05
train_SUM_PSNR 35.55872717115614
val_bitwise_error 0.0003111111111111111
val_SUM_PSNR 37.272349472045896
2022-11-24 16:02:32 epoch 71
train_bitwise_error 8.024691358024691e-05
train_SUM_PSNR 35.51471042421129
val_bitwise_error 0.0
val_SUM_PSNR 36.199864044189454
2022-11-24 16:39:54 epoch 72
train_bitwise_error 7.407407407407407e-05
train_SUM_PSNR 35.631763244205054
val_bitwise_error 2.222222222222222e-05
val_SUM_PSNR 37.22634722391764
2022-11-24 17:17:30 epoch 73
train_bitwise_error 6.91358024691358e-05
train_SUM_PSNR 35.62409931394789
val_bitwise_error 1.4814814814814815e-05
val_SUM_PSNR 37.26758316040039
2022-11-24 17:55:01 epoch 74
train_bitwise_error 8.765432098765431e-05
train_SUM_PSNR 35.55842435201009
val_bitwise_error 2.222222222222222e-05
val_SUM_PSNR 37.508468780517575
2022-11-24 18:32:28 epoch 75
train_bitwise_error 6.666666666666667e-05
train_SUM_PSNR 35.77407484690348
val_bitwise_error 5.925925925925926e-05
val_SUM_PSNR 37.738069508870446
2022-11-24 19:10:08 epoch 76
train_bitwise_error 7.530864197530864e-05
train_SUM_PSNR 35.67450478447808
val_bitwise_error 0.0
val_SUM_PSNR 37.45111099243164
2022-11-24 19:47:14 epoch 77
train_bitwise_error 7.037037037037036e-05
train_SUM_PSNR 35.98853689617581
val_bitwise_error 0.00020740740740740743
val_SUM_PSNR 36.50107190450033
2022-11-24 20:22:45 epoch 78
train_bitwise_error 6.17283950617284e-05
train_SUM_PSNR 35.652159684499104
val_bitwise_error 2.222222222222222e-05
val_SUM_PSNR 37.41640360514323
2022-11-24 21:00:14 epoch 79
train_bitwise_error 8.024691358024692e-05
train_SUM_PSNR 35.92200850804647
val_bitwise_error 0.0
val_SUM_PSNR 37.50313420613607
2022-11-24 21:38:46 epoch 80
train_bitwise_error 6.790123456790123e-05
train_SUM_PSNR 35.88335473378499
val_bitwise_error 5.185185185185185e-05
val_SUM_PSNR 36.31575744628906
2022-11-24 22:16:19 epoch 81
train_bitwise_error 6.666666666666667e-05
train_SUM_PSNR 35.72287401411268
val_bitwise_error 0.0
val_SUM_PSNR 38.11258473714193
2022-11-24 22:54:03 epoch 82
train_bitwise_error 8.024691358024691e-05
train_SUM_PSNR 35.66951215955946
val_bitwise_error 2.222222222222222e-05
val_SUM_PSNR 37.92864852905274
2022-11-24 23:31:28 epoch 83
train_bitwise_error 6.790123456790123e-05
train_SUM_PSNR 36.016662968529594
val_bitwise_error 0.0
val_SUM_PSNR 38.37445645650228
2022-11-25 00:09:07 epoch 84
train_bitwise_error 6.913580246913581e-05
train_SUM_PSNR 35.81746703253852
val_bitwise_error 0.0001925925925925926
val_SUM_PSNR 36.865474802653
2022-11-25 00:46:47 epoch 85
train_bitwise_error 8.51851851851852e-05
train_SUM_PSNR 35.97743620130751
val_bitwise_error 2.2222222222222223e-05
val_SUM_PSNR 37.35529327392578
2022-11-25 01:24:12 epoch 86
train_bitwise_error 8.271604938271603e-05
train_SUM_PSNR 35.38775536643134
val_bitwise_error 5.1851851851851857e-05
val_SUM_PSNR 37.70438163757324
2022-11-25 02:01:49 epoch 87
train_bitwise_error 7.283950617283951e-05
train_SUM_PSNR 36.05926495446099
val_bitwise_error 5.185185185185185e-05
val_SUM_PSNR 38.18574445088704
2022-11-25 02:39:21 epoch 88
train_bitwise_error 6.419753086419753e-05
train_SUM_PSNR 36.00273586697049
val_bitwise_error 7.4074074074074075e-06
val_SUM_PSNR 37.23491864522298
2022-11-25 03:16:47 epoch 89
train_bitwise_error 6.790123456790123e-05
train_SUM_PSNR 36.06471895853679
val_bitwise_error 2.2222222222222223e-05
val_SUM_PSNR 36.06265612284342
2022-11-25 03:54:06 epoch 90
train_bitwise_error 5.432098765432098e-05
train_SUM_PSNR 35.979382572174075
val_bitwise_error 0.0
val_SUM_PSNR 37.47824691772461
2022-11-25 04:31:33 epoch 91
train_bitwise_error 7.530864197530864e-05
train_SUM_PSNR 36.0833767191569
val_bitwise_error 3.7037037037037037e-05
val_SUM_PSNR 37.921321385701496
2022-11-25 05:08:56 epoch 92
train_bitwise_error 6.91358024691358e-05
train_SUM_PSNR 36.097279126909044
val_bitwise_error 1.4814814814814815e-05
val_SUM_PSNR 38.45900398254395
2022-11-25 05:46:29 epoch 93
train_bitwise_error 8.024691358024692e-05
train_SUM_PSNR 36.051711559295654
val_bitwise_error 4.4444444444444447e-05
val_SUM_PSNR 37.08566716512044
2022-11-25 06:23:50 epoch 94
train_bitwise_error 6.049382716049383e-05
train_SUM_PSNR 36.174795956081816
val_bitwise_error 0.0
val_SUM_PSNR 37.48523193359375
2022-11-25 06:59:27 epoch 95
train_bitwise_error 7.407407407407407e-05
train_SUM_PSNR 36.226240153842504
val_bitwise_error 7.4074074074074075e-06
val_SUM_PSNR 37.187633209228515
2022-11-25 07:33:43 epoch 96
train_bitwise_error 7.901234567901235e-05
train_SUM_PSNR 36.20362007564969
val_bitwise_error 0.0011037037037037022
val_SUM_PSNR 38.105873845418294
2022-11-25 08:07:50 epoch 97
train_bitwise_error 6.913580246913581e-05
train_SUM_PSNR 35.99043616612752
val_bitwise_error 6.666666666666667e-05
val_SUM_PSNR 37.350904871622724
2022-11-25 08:41:55 epoch 98
train_bitwise_error 6.419753086419753e-05
train_SUM_PSNR 36.151289528740776
val_bitwise_error 1.4814814814814815e-05
val_SUM_PSNR 38.541128946940105
2022-11-25 09:15:58 epoch 99
train_bitwise_error 6.543209876543209e-05
train_SUM_PSNR 36.113772847917346
val_bitwise_error 0.0
val_SUM_PSNR 38.548269805908205
2022-11-25 09:49:55 epoch 100
train_bitwise_error 8.148148148148148e-05
train_SUM_PSNR 36.24836192660862
val_bitwise_error 0.0
val_SUM_PSNR 37.51610015869141
